-------------------------------------------------------------------------------
Test set: TestSuite
-------------------------------------------------------------------------------
Tests run: 6, Failures: 1, Errors: 0, Skipped: 0, Time elapsed: 162.6 s <<< FAILURE! - in TestSuite
Automation.Module1.TestCase_03_ErrorLogin  Time elapsed: 24.509 s  <<< FAILURE!
java.lang.AssertionError: expected [Invalid email or password] but found [Invalid email or password.]
	at Automation.Module1.TestCase_03_ErrorLogin(Module1.java:68)

